THESIS_GLUCOSE/android/app/build/intermediates/manifest_merge_blame_file/debug/manifest-merger-blame-debug-report.txt
1<?xml version="1.0" encoding="utf-8"?>
2<manifest xmlns:android="http://schemas.android.com/apk/res/android"
3    package="com.example.thesis_glucose"
4    android:versionCode="1"
5    android:versionName="1.0" >
6
7    <uses-sdk
8        android:minSdkVersion="15"
8-->src\main\AndroidManifest.xml
9        android:targetSdkVersion="28" />
9-->src\main\AndroidManifest.xml
10
11    <uses-permission android:name="android.permission.INTERNET" />
11-->src\main\AndroidManifest.xml:5:5-83
11-->src\main\AndroidManifest.xml:5:22-64
12    <uses-permission android:name="android.permission.ACCESS_NETWORK_STATE" />
12-->src\main\AndroidManifest.xml:6:5-95
12-->src\main\AndroidManifest.xml:6:22-76
13
14    <application
14-->src\main\AndroidManifest.xml:8:5-38:19
15        android:allowBackup="true"
15-->src\main\AndroidManifest.xml:9:9-35
16        android:appComponentFactory="android.support.v4.app.CoreComponentFactory"
16-->[com.android.support:support-compat:28.0.0] AndroidManifest.xml:22:18-91
17        android:debuggable="true"
18        android:icon="@drawable/logo"
18-->src\main\AndroidManifest.xml:10:9-38
19        android:label="@string/app_name"
19-->src\main\AndroidManifest.xml:11:9-41
20        android:roundIcon="@drawable/logo"
20-->src\main\AndroidManifest.xml:12:9-43
21        android:supportsRtl="true"
21-->src\main\AndroidManifest.xml:13:9-35
22        android:testOnly="true"
23        android:theme="@style/AppTheme" >
23-->src\main\AndroidManifest.xml:14:9-40
24        <activity
24-->src\main\AndroidManifest.xml:15:9-17:41
25            android:name="com.example.thesis_glucose.HistoryActivity"
25-->src\main\AndroidManifest.xml:15:19-50
26            android:label="Glucodroid"
26-->src\main\AndroidManifest.xml:17:13-39
27            android:parentActivityName="com.example.thesis_glucose.StartActivity" />
27-->src\main\AndroidManifest.xml:16:13-56
28        <activity
28-->src\main\AndroidManifest.xml:20:9-23:59
29            android:name="com.example.thesis_glucose.AboutActivity"
29-->src\main\AndroidManifest.xml:21:13-42
30            android:label="Glucodroid"
30-->src\main\AndroidManifest.xml:22:13-39
31            android:parentActivityName="com.example.thesis_glucose.StartActivity" />
31-->src\main\AndroidManifest.xml:23:13-56
32        <activity
32-->src\main\AndroidManifest.xml:24:9-27:59
33            android:name="com.example.thesis_glucose.MainActivity"
33-->src\main\AndroidManifest.xml:25:13-41
34            android:label="Glucodroid"
34-->src\main\AndroidManifest.xml:26:13-39
35            android:parentActivityName="com.example.thesis_glucose.StartActivity" />
35-->src\main\AndroidManifest.xml:27:13-56
36        <activity
36-->src\main\AndroidManifest.xml:28:9-37:20
37            android:name="com.example.thesis_glucose.StartActivity"
37-->src\main\AndroidManifest.xml:29:13-42
38            android:label="Glucodroid"
38-->src\main\AndroidManifest.xml:30:13-39
39            android:theme="@style/AppTheme.NoActionBar" >
39-->src\main\AndroidManifest.xml:31:13-56
40            <intent-filter>
40-->src\main\AndroidManifest.xml:32:13-36:29
41                <action android:name="android.intent.action.MAIN" />
41-->src\main\AndroidManifest.xml:33:17-69
41-->src\main\AndroidManifest.xml:33:25-66
42
43                <category android:name="android.intent.category.LAUNCHER" />
43-->src\main\AndroidManifest.xml:35:17-77
43-->src\main\AndroidManifest.xml:35:27-74
44            </intent-filter>
45        </activity>
46    </application>
47
48</manifest>